[2014-09-07 12:06:05][WORKER: 4620 ][    INFO] Worker started at PID: 4620
[2014-09-07 12:06:05][WORKER: 4620 ][    INFO] [PLUGIN: SAMPLE] Worker 4620 started.
[2014-09-07 12:06:05][WORKER: 4620 ][    INFO] Start to run job(3)
[2014-09-07 12:06:05][WORKER: 4620 ][    INFO] [PLUGIN: SAMPLE] Job 3 started: [php -r "sleep(20);"]
[2014-09-07 12:06:05][WORKER: 6408 ][    INFO] Worker started at PID: 6408
[2014-09-07 12:06:05][WORKER: 6408 ][    INFO] [PLUGIN: SAMPLE] Worker 6408 started.
[2014-09-07 12:06:05][WORKER: 3676 ][    INFO] Worker started at PID: 3676
[2014-09-07 12:06:05][WORKER: 3676 ][    INFO] [PLUGIN: SAMPLE] Worker 3676 started.
[2014-09-07 12:06:05][WORKER: 3676 ][    INFO] Start to run job(4)
[2014-09-07 12:06:05][WORKER: 3676 ][    INFO] [PLUGIN: SAMPLE] Job 4 started: [php -r "sleep(20);"]
[2014-09-07 12:06:06][WORKER: 2284 ][    INFO] Worker started at PID: 2284
[2014-09-07 12:06:06][WORKER: 2284 ][    INFO] [PLUGIN: SAMPLE] Worker 2284 started.
[2014-09-07 12:06:07][WORKER: 7420 ][    INFO] Worker started at PID: 7420
[2014-09-07 12:06:07][WORKER: 7420 ][    INFO] [PLUGIN: SAMPLE] Worker 7420 started.
[2014-09-07 12:06:07][WORKER: 7420 ][    INFO] Start to run job(5)
[2014-09-07 12:06:07][WORKER: 7420 ][    INFO] [PLUGIN: SAMPLE] Job 5 started: [php -r "sleep(20);"]
[2014-09-07 12:06:25][WORKER: 4620 ][    INFO] Job(3) ended.
[2014-09-07 12:06:25][WORKER: 4620 ][    INFO] [PLUGIN: SAMPLE] Job 3 ended: [php -r "sleep(20);"]
[2014-09-07 12:06:25][WORKER: 4620 ][    INFO] Start to run job(6)
[2014-09-07 12:06:25][WORKER: 4620 ][    INFO] [PLUGIN: SAMPLE] Job 6 started: [php -r "sleep(20);"]
[2014-09-07 12:06:26][WORKER: 3676 ][    INFO] Job(4) ended.
[2014-09-07 12:06:26][WORKER: 3676 ][    INFO] [PLUGIN: SAMPLE] Job 4 ended: [php -r "sleep(20);"]
[2014-09-07 12:06:26][WORKER: 3676 ][    INFO] Start to run job(7)
[2014-09-07 12:06:26][WORKER: 3676 ][    INFO] [PLUGIN: SAMPLE] Job 7 started: [php -r "sleep(20);"]
[2014-09-07 12:06:28][WORKER: 7420 ][    INFO] Job(5) ended.
[2014-09-07 12:06:28][WORKER: 7420 ][    INFO] [PLUGIN: SAMPLE] Job 5 ended: [php -r "sleep(20);"]
[2014-09-07 12:06:28][WORKER: 7420 ][    INFO] Start to run job(8)
[2014-09-07 12:06:28][WORKER: 7420 ][    INFO] [PLUGIN: SAMPLE] Job 8 started: [php -r "sleep(20);"]
[2014-09-08 15:41:22][WORKER: 6280 ][    INFO] Worker started at PID: 6280
[2014-09-08 15:41:22][WORKER: 6280 ][    INFO] [PLUGIN: SAMPLE] Worker 6280 started.
[2014-09-08 15:41:22][WORKER: 6280 ][    INFO] Start to run job(3)
[2014-09-08 15:41:22][WORKER: 6280 ][    INFO] [PLUGIN: SAMPLE] Job 3 started: [php -r "sleep(20);"]
[2014-09-08 15:41:22][WORKER: 3436 ][    INFO] Worker started at PID: 3436
[2014-09-08 15:41:22][WORKER: 3436 ][    INFO] [PLUGIN: SAMPLE] Worker 3436 started.
[2014-09-08 15:41:22][WORKER: 4404 ][    INFO] Worker started at PID: 4404
[2014-09-08 15:41:22][WORKER: 4404 ][    INFO] [PLUGIN: SAMPLE] Worker 4404 started.
[2014-09-08 15:41:23][WORKER: 9208 ][    INFO] Worker started at PID: 9208
[2014-09-08 15:41:23][WORKER: 9208 ][    INFO] [PLUGIN: SAMPLE] Worker 9208 started.
[2014-09-08 15:41:23][WORKER: 316  ][    INFO] Worker started at PID: 316
[2014-09-08 15:41:23][WORKER: 316  ][    INFO] [PLUGIN: SAMPLE] Worker 316 started.
[2014-09-08 15:41:44][WORKER: 6280 ][    INFO] Job(3) ended.
[2014-09-08 15:41:44][WORKER: 6280 ][    INFO] [PLUGIN: SAMPLE] Job 3 ended: [php -r "sleep(20);"]
[2014-09-08 15:41:44][WORKER: 6280 ][    INFO] Start to run job(4)
[2014-09-08 15:41:44][WORKER: 6280 ][    INFO] [PLUGIN: SAMPLE] Job 4 started: [php -r "sleep(20);"]
[2014-09-08 15:42:05][WORKER: 6280 ][    INFO] Job(4) ended.
[2014-09-08 15:42:05][WORKER: 6280 ][    INFO] [PLUGIN: SAMPLE] Job 4 ended: [php -r "sleep(20);"]
[2014-09-08 15:42:05][WORKER: 6280 ][    INFO] Start to run job(5)
[2014-09-08 15:42:05][WORKER: 6280 ][    INFO] [PLUGIN: SAMPLE] Job 5 started: [php -r "sleep(20);"]
[2014-09-08 15:42:22][WORKER: 3436 ][    INFO] Start to run job(6)
[2014-09-08 15:42:22][WORKER: 3436 ][    INFO] [PLUGIN: SAMPLE] Job 6 started: [php -r "sleep(20);"]
[2014-09-08 15:42:23][WORKER: 316  ][    INFO] Start to run job(7)
[2014-09-08 15:42:23][WORKER: 316  ][    INFO] [PLUGIN: SAMPLE] Job 7 started: [php -r "sleep(20);"]
[2014-09-08 15:42:25][WORKER: 6280 ][    INFO] Job(5) ended.
[2014-09-08 15:42:25][WORKER: 6280 ][    INFO] [PLUGIN: SAMPLE] Job 5 ended: [php -r "sleep(20);"]
[2014-09-08 15:42:25][WORKER: 6280 ][    INFO] Start to run job(8)
[2014-09-08 15:42:25][WORKER: 6280 ][    INFO] [PLUGIN: SAMPLE] Job 8 started: [php -r "sleep(20);"]
[2014-09-08 15:42:43][WORKER: 3436 ][    INFO] Job(6) ended.
[2014-09-08 15:42:43][WORKER: 3436 ][    INFO] [PLUGIN: SAMPLE] Job 6 ended: [php -r "sleep(20);"]
[2014-09-08 15:42:43][WORKER: 3436 ][    INFO] Start to run job(9)
[2014-09-08 15:42:43][WORKER: 3436 ][    INFO] [PLUGIN: SAMPLE] Job 9 started: [php -r "sleep(20);"]
[2014-09-08 15:42:44][WORKER: 316  ][    INFO] Job(7) ended.
[2014-09-08 15:42:44][WORKER: 316  ][    INFO] [PLUGIN: SAMPLE] Job 7 ended: [php -r "sleep(20);"]
[2014-09-08 15:42:44][WORKER: 316  ][    INFO] Start to run job(10)
[2014-09-08 15:42:44][WORKER: 316  ][    INFO] [PLUGIN: SAMPLE] Job 10 started: [php -r "sleep(20);"]
[2014-09-08 15:42:46][WORKER: 6280 ][    INFO] Job(8) ended.
[2014-09-08 15:42:46][WORKER: 6280 ][    INFO] [PLUGIN: SAMPLE] Job 8 ended: [php -r "sleep(20);"]
[2014-09-08 15:42:46][WORKER: 6280 ][    INFO] Start to run job(11)
[2014-09-08 15:42:46][WORKER: 6280 ][    INFO] [PLUGIN: SAMPLE] Job 11 started: [php -r "sleep(20);"]
[2014-09-08 15:43:04][WORKER: 3436 ][    INFO] Job(9) ended.
[2014-09-08 15:43:04][WORKER: 3436 ][    INFO] [PLUGIN: SAMPLE] Job 9 ended: [php -r "sleep(20);"]
[2014-09-08 15:43:04][WORKER: 3436 ][    INFO] Start to run job(12)
[2014-09-08 15:43:04][WORKER: 3436 ][    INFO] [PLUGIN: SAMPLE] Job 12 started: [php -r "sleep(20);"]
[2014-09-08 15:43:05][WORKER: 316  ][    INFO] Job(10) ended.
[2014-09-08 15:43:05][WORKER: 316  ][    INFO] [PLUGIN: SAMPLE] Job 10 ended: [php -r "sleep(20);"]
[2014-09-08 15:43:05][WORKER: 316  ][    INFO] Start to run job(13)
[2014-09-08 15:43:05][WORKER: 316  ][    INFO] [PLUGIN: SAMPLE] Job 13 started: [php -r "sleep(20);"]
[2014-09-08 15:43:07][WORKER: 6280 ][    INFO] Job(11) ended.
[2014-09-08 15:43:07][WORKER: 6280 ][    INFO] [PLUGIN: SAMPLE] Job 11 ended: [php -r "sleep(20);"]
[2014-09-08 15:43:07][WORKER: 6280 ][    INFO] Start to run job(14)
[2014-09-08 15:43:07][WORKER: 6280 ][    INFO] [PLUGIN: SAMPLE] Job 14 started: [php -r "sleep(20);"]
[2014-09-08 15:43:22][WORKER: 4404 ][    INFO] Start to run job(15)
[2014-09-08 15:43:22][WORKER: 4404 ][    INFO] [PLUGIN: SAMPLE] Job 15 started: [php -r "sleep(20);"]
[2014-09-08 15:43:23][WORKER: 9208 ][    INFO] Start to run job(16)
[2014-09-08 15:43:23][WORKER: 9208 ][    INFO] [PLUGIN: SAMPLE] Job 16 started: [php -r "sleep(20);"]
[2014-09-08 15:43:25][WORKER: 3436 ][    INFO] Job(12) ended.
[2014-09-08 15:43:25][WORKER: 3436 ][    INFO] [PLUGIN: SAMPLE] Job 12 ended: [php -r "sleep(20);"]
[2014-09-08 15:43:25][WORKER: 3436 ][    INFO] Start to run job(17)
[2014-09-08 15:43:25][WORKER: 3436 ][    INFO] [PLUGIN: SAMPLE] Job 17 started: [php -r "sleep(20);"]
[2014-09-08 15:43:26][WORKER: 316  ][    INFO] Job(13) ended.
[2014-09-08 15:43:26][WORKER: 316  ][    INFO] [PLUGIN: SAMPLE] Job 13 ended: [php -r "sleep(20);"]
[2014-09-08 15:43:27][WORKER: 6280 ][    INFO] Job(14) ended.
[2014-09-08 15:43:27][WORKER: 6280 ][    INFO] [PLUGIN: SAMPLE] Job 14 ended: [php -r "sleep(20);"]
[2014-09-08 15:43:43][WORKER: 4404 ][    INFO] Job(15) ended.
[2014-09-08 15:43:43][WORKER: 4404 ][    INFO] [PLUGIN: SAMPLE] Job 15 ended: [php -r "sleep(20);"]
[2014-09-08 15:43:44][WORKER: 9208 ][    INFO] Job(16) ended.
[2014-09-08 15:43:44][WORKER: 9208 ][    INFO] [PLUGIN: SAMPLE] Job 16 ended: [php -r "sleep(20);"]
[2014-09-08 15:43:45][WORKER: 3436 ][    INFO] Job(17) ended.
[2014-09-08 15:43:45][WORKER: 3436 ][    INFO] [PLUGIN: SAMPLE] Job 17 ended: [php -r "sleep(20);"]
[2014-09-08 15:45:32][WORKER: 8240 ][    INFO] Worker started at PID: 8240
[2014-09-08 15:45:32][WORKER: 8240 ][    INFO] [PLUGIN: SAMPLE] Worker 8240 started.
[2014-09-08 15:45:32][WORKER: 8240 ][    INFO] Start to run job(3)
[2014-09-08 15:45:32][WORKER: 8240 ][    INFO] [PLUGIN: SAMPLE] Job 3 started: [php -r "sleep(20);"]
[2014-09-08 15:45:32][WORKER: 3368 ][    INFO] Worker started at PID: 3368
[2014-09-08 15:45:32][WORKER: 3368 ][    INFO] [PLUGIN: SAMPLE] Worker 3368 started.
[2014-09-08 15:45:32][WORKER: 8616 ][    INFO] Worker started at PID: 8616
[2014-09-08 15:45:32][WORKER: 8616 ][    INFO] [PLUGIN: SAMPLE] Worker 8616 started.
[2014-09-08 15:45:32][WORKER: 8616 ][    INFO] Start to run job(4)
[2014-09-08 15:45:32][WORKER: 8616 ][    INFO] [PLUGIN: SAMPLE] Job 4 started: [php -r "sleep(20);"]
[2014-09-08 15:45:32][WORKER: 5144 ][    INFO] Worker started at PID: 5144
[2014-09-08 15:45:32][WORKER: 5144 ][    INFO] [PLUGIN: SAMPLE] Worker 5144 started.
[2014-09-08 15:45:33][WORKER: 10200][    INFO] Worker started at PID: 10200
[2014-09-08 15:45:33][WORKER: 10200][    INFO] [PLUGIN: SAMPLE] Worker 10200 started.
[2014-09-08 15:45:33][WORKER: 10200][    INFO] Start to run job(5)
[2014-09-08 15:45:33][WORKER: 10200][    INFO] [PLUGIN: SAMPLE] Job 5 started: [php -r "sleep(20);"]
[2014-09-08 15:45:52][WORKER: 8240 ][    INFO] Job(3) ended.
[2014-09-08 15:45:52][WORKER: 8240 ][    INFO] [PLUGIN: SAMPLE] Job 3 ended: [php -r "sleep(20);"]
[2014-09-08 15:45:52][WORKER: 8240 ][    INFO] Start to run job(6)
[2014-09-08 15:45:52][WORKER: 8240 ][    INFO] [PLUGIN: SAMPLE] Job 6 started: [php -r "sleep(20);"]
[2014-09-08 15:45:53][WORKER: 8616 ][    INFO] Job(4) ended.
[2014-09-08 15:45:53][WORKER: 8616 ][    INFO] [PLUGIN: SAMPLE] Job 4 ended: [php -r "sleep(20);"]
[2014-09-08 15:45:53][WORKER: 8616 ][    INFO] Start to run job(7)
[2014-09-08 15:45:53][WORKER: 8616 ][    INFO] [PLUGIN: SAMPLE] Job 7 started: [php -r "sleep(20);"]
[2014-09-08 15:45:54][WORKER: 10200][    INFO] Job(5) ended.
[2014-09-08 15:45:54][WORKER: 10200][    INFO] [PLUGIN: SAMPLE] Job 5 ended: [php -r "sleep(20);"]
[2014-09-08 15:45:54][WORKER: 10200][    INFO] Start to run job(8)
[2014-09-08 15:45:54][WORKER: 10200][    INFO] [PLUGIN: SAMPLE] Job 8 started: [php -r "sleep(20);"]
[2014-09-08 15:46:13][WORKER: 8240 ][    INFO] Job(6) ended.
[2014-09-08 15:46:13][WORKER: 8240 ][    INFO] [PLUGIN: SAMPLE] Job 6 ended: [php -r "sleep(20);"]
[2014-09-08 15:46:13][WORKER: 8240 ][    INFO] Start to run job(9)
[2014-09-08 15:46:13][WORKER: 8240 ][    INFO] [PLUGIN: SAMPLE] Job 9 started: [php -r "sleep(20);"]
[2014-09-08 15:46:14][WORKER: 8616 ][    INFO] Job(7) ended.
[2014-09-08 15:46:14][WORKER: 8616 ][    INFO] [PLUGIN: SAMPLE] Job 7 ended: [php -r "sleep(20);"]
[2014-09-08 15:46:14][WORKER: 8616 ][    INFO] Start to run job(10)
[2014-09-08 15:46:14][WORKER: 8616 ][    INFO] [PLUGIN: SAMPLE] Job 10 started: [php -r "sleep(20);"]
[2014-09-08 15:46:15][WORKER: 10200][    INFO] Job(8) ended.
[2014-09-08 15:46:15][WORKER: 10200][    INFO] [PLUGIN: SAMPLE] Job 8 ended: [php -r "sleep(20);"]
[2014-09-08 15:46:15][WORKER: 10200][    INFO] Start to run job(11)
[2014-09-08 15:46:15][WORKER: 10200][    INFO] [PLUGIN: SAMPLE] Job 11 started: [php -r "sleep(20);"]
[2014-09-08 15:46:32][WORKER: 3368 ][    INFO] Start to run job(12)
[2014-09-08 15:46:32][WORKER: 3368 ][    INFO] [PLUGIN: SAMPLE] Job 12 started: [php -r "sleep(20);"]
[2014-09-08 15:46:32][WORKER: 5144 ][    INFO] Start to run job(13)
[2014-09-08 15:46:32][WORKER: 5144 ][    INFO] [PLUGIN: SAMPLE] Job 13 started: [php -r "sleep(20);"]
[2014-09-08 15:46:33][WORKER: 8240 ][    INFO] Job(9) ended.
[2014-09-08 15:46:33][WORKER: 8240 ][    INFO] [PLUGIN: SAMPLE] Job 9 ended: [php -r "sleep(20);"]
[2014-09-08 15:46:33][WORKER: 8240 ][    INFO] Start to run job(14)
[2014-09-08 15:46:33][WORKER: 8240 ][    INFO] [PLUGIN: SAMPLE] Job 14 started: [php -r "sleep(20);"]
[2014-09-08 15:46:34][WORKER: 8616 ][    INFO] Job(10) ended.
[2014-09-08 15:46:34][WORKER: 8616 ][    INFO] [PLUGIN: SAMPLE] Job 10 ended: [php -r "sleep(20);"]
[2014-09-08 15:46:34][WORKER: 8616 ][    INFO] Start to run job(15)
[2014-09-08 15:46:34][WORKER: 8616 ][    INFO] [PLUGIN: SAMPLE] Job 15 started: [php -r "sleep(20);"]
[2014-09-08 15:46:35][WORKER: 10200][    INFO] Job(11) ended.
[2014-09-08 15:46:35][WORKER: 10200][    INFO] [PLUGIN: SAMPLE] Job 11 ended: [php -r "sleep(20);"]
[2014-09-08 15:46:35][WORKER: 10200][    INFO] Start to run job(16)
[2014-09-08 15:46:35][WORKER: 10200][    INFO] [PLUGIN: SAMPLE] Job 16 started: [php -r "sleep(20);"]
[2014-09-08 15:46:47][WORKER: 3368 ][    INFO] Job(12) ended.
[2014-09-08 15:46:47][WORKER: 3368 ][    INFO] [PLUGIN: SAMPLE] Job 12 ended: [php -r "sleep(20);"]
[2014-09-08 15:46:47][WORKER: 3368 ][    INFO] Start to run job(17)
[2014-09-08 15:46:47][WORKER: 3368 ][    INFO] [PLUGIN: SAMPLE] Job 17 started: [php -r "sleep(20);"]
[2014-09-08 15:46:53][WORKER: 5144 ][    INFO] Job(13) ended.
[2014-09-08 15:46:53][WORKER: 5144 ][    INFO] [PLUGIN: SAMPLE] Job 13 ended: [php -r "sleep(20);"]
[2014-09-08 15:46:54][WORKER: 8240 ][    INFO] Job(14) ended.
[2014-09-08 15:46:54][WORKER: 8240 ][    INFO] [PLUGIN: SAMPLE] Job 14 ended: [php -r "sleep(20);"]
[2014-09-08 15:46:55][WORKER: 8616 ][    INFO] Job(15) ended.
[2014-09-08 15:46:55][WORKER: 8616 ][    INFO] [PLUGIN: SAMPLE] Job 15 ended: [php -r "sleep(20);"]
[2014-09-08 15:46:56][WORKER: 10200][    INFO] Job(16) ended.
[2014-09-08 15:46:56][WORKER: 10200][    INFO] [PLUGIN: SAMPLE] Job 16 ended: [php -r "sleep(20);"]
[2014-09-08 15:47:08][WORKER: 3368 ][    INFO] Job(17) ended.
[2014-09-08 15:47:08][WORKER: 3368 ][    INFO] [PLUGIN: SAMPLE] Job 17 ended: [php -r "sleep(20);"]
[2014-09-08 15:48:21][WORKER: 7824 ][    INFO] Worker started at PID: 7824
[2014-09-08 15:48:21][WORKER: 7824 ][    INFO] [PLUGIN: SAMPLE] Worker 7824 started.
[2014-09-08 15:48:21][WORKER: 6020 ][    INFO] Worker started at PID: 6020
[2014-09-08 15:48:21][WORKER: 6020 ][    INFO] [PLUGIN: SAMPLE] Worker 6020 started.
[2014-09-08 15:48:21][WORKER: 6020 ][    INFO] Start to run job(3)
[2014-09-08 15:48:21][WORKER: 6020 ][    INFO] [PLUGIN: SAMPLE] Job 3 started: [php -r "sleep(20);"]
[2014-09-08 15:48:22][WORKER: 7972 ][    INFO] Worker started at PID: 7972
[2014-09-08 15:48:22][WORKER: 7972 ][    INFO] [PLUGIN: SAMPLE] Worker 7972 started.
[2014-09-08 15:48:22][WORKER: 7024 ][    INFO] Worker started at PID: 7024
[2014-09-08 15:48:22][WORKER: 7024 ][    INFO] [PLUGIN: SAMPLE] Worker 7024 started.
[2014-09-08 15:48:22][WORKER: 7024 ][    INFO] Start to run job(4)
[2014-09-08 15:48:22][WORKER: 7024 ][    INFO] [PLUGIN: SAMPLE] Job 4 started: [php -r "sleep(20);"]
[2014-09-08 15:48:23][WORKER: 7224 ][    INFO] Worker started at PID: 7224
[2014-09-08 15:48:23][WORKER: 7224 ][    INFO] [PLUGIN: SAMPLE] Worker 7224 started.
[2014-09-08 15:48:23][WORKER: 7224 ][    INFO] Start to run job(5)
[2014-09-08 15:48:23][WORKER: 7224 ][    INFO] [PLUGIN: SAMPLE] Job 5 started: [php -r "sleep(20);"]
[2014-09-08 15:48:44][WORKER: 7224 ][    INFO] Job(5) ended.
[2014-09-08 15:48:44][WORKER: 7224 ][    INFO] [PLUGIN: SAMPLE] Job 5 ended: [php -r "sleep(20);"]
[2014-09-08 15:48:44][WORKER: 6020 ][    INFO] Job(3) ended.
[2014-09-08 15:48:44][WORKER: 6020 ][    INFO] [PLUGIN: SAMPLE] Job 3 ended: [php -r "sleep(20);"]
[2014-09-08 15:48:44][WORKER: 6020 ][    INFO] Start to run job(6)
[2014-09-08 15:48:44][WORKER: 6020 ][    INFO] [PLUGIN: SAMPLE] Job 6 started: [php -r "sleep(20);"]
[2014-09-08 15:48:45][WORKER: 7024 ][    INFO] Job(4) ended.
[2014-09-08 15:48:45][WORKER: 7024 ][    INFO] [PLUGIN: SAMPLE] Job 4 ended: [php -r "sleep(20);"]
[2014-09-08 15:48:45][WORKER: 7224 ][    INFO] Start to run job(7)
[2014-09-08 15:48:45][WORKER: 7224 ][    INFO] [PLUGIN: SAMPLE] Job 7 started: [php -r "sleep(20);"]
[2014-09-08 15:49:05][WORKER: 6020 ][    INFO] Job(6) ended.
[2014-09-08 15:49:05][WORKER: 6020 ][    INFO] [PLUGIN: SAMPLE] Job 6 ended: [php -r "sleep(20);"]
[2014-09-08 15:49:05][WORKER: 6020 ][    INFO] Start to run job(8)
[2014-09-08 15:49:05][WORKER: 6020 ][    INFO] [PLUGIN: SAMPLE] Job 8 started: [php -r "sleep(20);"]
[2014-09-08 15:49:21][WORKER: 7824 ][    INFO] Start to run job(9)
[2014-09-08 15:49:21][WORKER: 7824 ][    INFO] [PLUGIN: SAMPLE] Job 9 started: [php -r "sleep(20);"]
[2014-09-08 15:49:22][WORKER: 7972 ][    INFO] Start to run job(10)
[2014-09-08 15:49:22][WORKER: 7972 ][    INFO] [PLUGIN: SAMPLE] Job 10 started: [php -r "sleep(20);"]
[2014-09-08 15:49:25][WORKER: 6020 ][    INFO] Job(8) ended.
[2014-09-08 15:49:25][WORKER: 6020 ][    INFO] [PLUGIN: SAMPLE] Job 8 ended: [php -r "sleep(20);"]
[2014-09-08 15:49:25][WORKER: 6020 ][    INFO] Start to run job(11)
[2014-09-08 15:49:25][WORKER: 6020 ][    INFO] [PLUGIN: SAMPLE] Job 11 started: [php -r "sleep(20);"]
[2014-09-08 15:49:42][WORKER: 7824 ][    INFO] Job(9) ended.
[2014-09-08 15:49:42][WORKER: 7824 ][    INFO] [PLUGIN: SAMPLE] Job 9 ended: [php -r "sleep(20);"]
[2014-09-08 15:49:42][WORKER: 7824 ][    INFO] Start to run job(12)
[2014-09-08 15:49:42][WORKER: 7824 ][    INFO] [PLUGIN: SAMPLE] Job 12 started: [php -r "sleep(20);"]
[2014-09-08 15:49:42][WORKER: 7972 ][    INFO] Job(10) ended.
[2014-09-08 15:49:42][WORKER: 7972 ][    INFO] [PLUGIN: SAMPLE] Job 10 ended: [php -r "sleep(20);"]
[2014-09-08 15:49:45][WORKER: 7024 ][    INFO] Start to run job(13)
[2014-09-08 15:49:45][WORKER: 7024 ][    INFO] [PLUGIN: SAMPLE] Job 13 started: [php -r "sleep(20);"]
[2014-09-08 15:49:45][WORKER: 6020 ][    INFO] Job(11) ended.
[2014-09-08 15:49:45][WORKER: 6020 ][    INFO] [PLUGIN: SAMPLE] Job 11 ended: [php -r "sleep(20);"]
[2014-09-08 15:49:45][WORKER: 6020 ][    INFO] Start to run job(14)
[2014-09-08 15:49:45][WORKER: 6020 ][    INFO] [PLUGIN: SAMPLE] Job 14 started: [php -r "sleep(20);"]
[2014-09-08 15:50:03][WORKER: 7824 ][    INFO] Job(12) ended.
[2014-09-08 15:50:03][WORKER: 7824 ][    INFO] [PLUGIN: SAMPLE] Job 12 ended: [php -r "sleep(20);"]
[2014-09-08 15:50:03][WORKER: 7824 ][    INFO] Start to run job(15)
[2014-09-08 15:50:03][WORKER: 7824 ][    INFO] [PLUGIN: SAMPLE] Job 15 started: [php -r "sleep(20);"]
[2014-09-08 15:50:05][WORKER: 7024 ][    INFO] Job(13) ended.
[2014-09-08 15:50:05][WORKER: 7024 ][    INFO] [PLUGIN: SAMPLE] Job 13 ended: [php -r "sleep(20);"]
[2014-09-08 15:50:05][WORKER: 7024 ][    INFO] Start to run job(16)
[2014-09-08 15:50:05][WORKER: 7024 ][    INFO] [PLUGIN: SAMPLE] Job 16 started: [php -r "sleep(20);"]
[2014-09-08 15:50:06][WORKER: 6020 ][    INFO] Job(14) ended.
[2014-09-08 15:50:06][WORKER: 6020 ][    INFO] [PLUGIN: SAMPLE] Job 14 ended: [php -r "sleep(20);"]
[2014-09-08 15:50:06][WORKER: 6020 ][    INFO] Start to run job(17)
[2014-09-08 15:50:06][WORKER: 6020 ][    INFO] [PLUGIN: SAMPLE] Job 17 started: [php -r "sleep(20);"]
[2014-09-08 15:50:23][WORKER: 7824 ][    INFO] Job(15) ended.
[2014-09-08 15:50:23][WORKER: 7824 ][    INFO] [PLUGIN: SAMPLE] Job 15 ended: [php -r "sleep(20);"]
[2014-09-08 15:50:26][WORKER: 7024 ][    INFO] Job(16) ended.
[2014-09-08 15:50:26][WORKER: 7024 ][    INFO] [PLUGIN: SAMPLE] Job 16 ended: [php -r "sleep(20);"]
[2014-09-08 15:50:26][WORKER: 6020 ][    INFO] Job(17) ended.
[2014-09-08 15:50:26][WORKER: 6020 ][    INFO] [PLUGIN: SAMPLE] Job 17 ended: [php -r "sleep(20);"]
[2014-09-08 16:16:52][WORKER: 8388 ][    INFO] Worker started at PID: 8388
[2014-09-08 16:16:52][WORKER: 8388 ][    INFO] [PLUGIN: SAMPLE] Worker 8388 started.
[2014-09-08 16:16:52][WORKER: 4116 ][    INFO] Worker started at PID: 4116
[2014-09-08 16:16:52][WORKER: 4116 ][    INFO] [PLUGIN: SAMPLE] Worker 4116 started.
[2014-09-08 16:16:52][WORKER: 5680 ][    INFO] Worker started at PID: 5680
[2014-09-08 16:16:52][WORKER: 5680 ][    INFO] [PLUGIN: SAMPLE] Worker 5680 started.
[2014-09-08 16:16:53][WORKER: 4328 ][    INFO] Worker started at PID: 4328
[2014-09-08 16:16:53][WORKER: 4328 ][    INFO] [PLUGIN: SAMPLE] Worker 4328 started.
[2014-09-08 16:16:53][WORKER: 6660 ][    INFO] Worker started at PID: 6660
[2014-09-08 16:16:53][WORKER: 6660 ][    INFO] [PLUGIN: SAMPLE] Worker 6660 started.
